Fri Oct 20 2017 18:32:40 GMT+0530 (IST) : GET /
Fri Oct 20 2017 18:32:44 GMT+0530 (IST) : GET /about
Fri Oct 20 2017 18:34:09 GMT+0530 (IST) : GET /about
Fri Oct 20 2017 18:34:11 GMT+0530 (IST) : GET /
Fri Oct 20 2017 18:34:12 GMT+0530 (IST) : GET /about
Fri Oct 20 2017 18:38:17 GMT+0530 (IST) : GET /about
Fri Oct 20 2017 18:39:52 GMT+0530 (IST) : GET /about
Fri Oct 20 2017 18:40:05 GMT+0530 (IST) : GET /about
Fri Oct 20 2017 18:41:00 GMT+0530 (IST) : GET /help.html
Thu Oct 26 2017 12:14:56 GMT+0530 (IST) : GET /
Thu Oct 26 2017 12:14:56 GMT+0530 (IST) : GET /favicon.ico
Thu Oct 26 2017 12:23:47 GMT+0530 (IST) : GET /
Thu Oct 26 2017 12:23:47 GMT+0530 (IST) : GET /favicon.ico
Thu Oct 26 2017 12:24:24 GMT+0530 (IST) : GET /
Thu Oct 26 2017 12:24:24 GMT+0530 (IST) : GET /favicon.ico
Thu Oct 26 2017 13:31:57 GMT+0530 (IST) : GET /
Thu Oct 26 2017 13:31:59 GMT+0530 (IST) : GET /projects
Thu Oct 26 2017 13:32:33 GMT+0530 (IST) : GET /
Thu Oct 26 2017 13:32:37 GMT+0530 (IST) : GET /about
Thu Oct 26 2017 13:32:38 GMT+0530 (IST) : GET /projects
Thu Oct 26 2017 13:33:00 GMT+0530 (IST) : GET /
Thu Oct 26 2017 13:33:43 GMT+0530 (IST) : GET /
Thu Oct 26 2017 13:33:44 GMT+0530 (IST) : GET /projects
